<?xml version="1.0" encoding="UTF-8"?>
<!-- Generated by org.testng.reporters.JUnitXMLReporter -->
<testsuite ignored="0" hostname="LEIs-MacBook-Pro.local" failures="0" tests="17" name="Free CRM App Test Cases" time="130.213" errors="0" timestamp="20 May 2020 21:11:51 GMT">
  <testcase classname="com.crm.qa.testcases.DealsPageTest" name="checkDealsLabel" time="0.068"/>
  <testcase classname="com.crm.qa.testcases.DealsPageTest" name="clickDealsOrderByDesc" time="0.672"/>
  <testcase classname="com.crm.qa.testcases.DealsPageTest" name="createNewDealWithData" time="3.177"/>
  <testcase classname="com.crm.qa.testcases.DealsPageTest" name="createNewDealWithData" time="3.518"/>
  <testcase classname="com.crm.qa.testcases.DealsPageTest" name="createNewDealWithData" time="3.762"/>
  <testcase classname="com.crm.qa.testcases.DealsPageTest" name="createNewDealWithData" time="3.23"/>
  <testcase classname="com.crm.qa.testcases.LoginPageTest" name="loginPageTitleTest" time="0.009"/>
  <testcase classname="com.crm.qa.testcases.HomePageTest" name="verifyHomePageTitleTest" time="0.006"/>
  <testcase classname="com.crm.qa.testcases.LoginPageTest" name="crmLogoImgTest" time="0.043"/>
  <testcase classname="com.crm.qa.testcases.HomePageTest" name="verifyUserNameLabelTest" time="0.057"/>
  <testcase classname="com.crm.qa.testcases.LoginPageTest" name="loginTest" time="3.348"/>
  <testcase classname="com.crm.qa.testcases.HomePageTest" name="clickOnContactsPageTest" time="0.63"/>
  <testcase classname="com.crm.qa.testcases.HomePageTest" name="clickOnDealsPageTest" time="1.074"/>
  <testcase classname="com.crm.qa.testcases.ContactsPageTest" name="validateCreateNewContact" time="2.612"/>
  <testcase classname="com.crm.qa.testcases.ContactsPageTest" name="validateCreateNewContact" time="2.472"/>
  <testcase classname="com.crm.qa.testcases.ContactsPageTest" name="validateCreateNewContact" time="2.521"/>
  <testcase classname="com.crm.qa.testcases.HomePageTest" name="clickOnTasksPageTest" time="0.89"/>
</testsuite> <!-- Free CRM App Test Cases -->
