<?xml version="1.0" encoding="UTF-8"?>
<!-- Generated by org.testng.reporters.JUnitXMLReporter -->
<testsuite ignored="0" hostname="LEIs-MacBook-Pro.local" failures="0" tests="18" name="Free CRM App Test Cases" time="129.648" errors="0" timestamp="04 Jun 2020 19:31:51 GMT">
  <testcase classname="com.crm.qa.testcases.DealsPageTest" name="checkDealsLabel" time="0.064"/>
  <testcase classname="com.crm.qa.testcases.DealsPageTest" name="checkPageTitle" time="0.008"/>
  <testcase classname="com.crm.qa.testcases.DealsPageTest" name="clickDealsOrderByDesc" time="0.666"/>
  <testcase classname="com.crm.qa.testcases.DealsPageTest" name="createNewDealWithData" time="3.111"/>
  <testcase classname="com.crm.qa.testcases.DealsPageTest" name="createNewDealWithData" time="3.733"/>
  <testcase classname="com.crm.qa.testcases.DealsPageTest" name="createNewDealWithData" time="3.101"/>
  <testcase classname="com.crm.qa.testcases.DealsPageTest" name="createNewDealWithData" time="3.397"/>
  <testcase classname="com.crm.qa.testcases.LoginPageTest" name="loginPageTitleTest" time="0.009"/>
  <testcase classname="com.crm.qa.testcases.HomePageTest" name="verifyHomePageTitleTest" time="0.011"/>
  <testcase classname="com.crm.qa.testcases.LoginPageTest" name="crmLogoImgTest" time="0.082"/>
  <testcase classname="com.crm.qa.testcases.HomePageTest" name="verifyUserNameLabelTest" time="0.06"/>
  <testcase classname="com.crm.qa.testcases.LoginPageTest" name="loginTest" time="3.291"/>
  <testcase classname="com.crm.qa.testcases.HomePageTest" name="clickOnContactsPageTest" time="0.773"/>
  <testcase classname="com.crm.qa.testcases.HomePageTest" name="clickOnDealsPageTest" time="0.724"/>
  <testcase classname="com.crm.qa.testcases.ContactsPageTest" name="validateCreateNewContact" time="2.277"/>
  <testcase classname="com.crm.qa.testcases.ContactsPageTest" name="validateCreateNewContact" time="2.114"/>
  <testcase classname="com.crm.qa.testcases.ContactsPageTest" name="validateCreateNewContact" time="2.118"/>
  <testcase classname="com.crm.qa.testcases.HomePageTest" name="clickOnTasksPageTest" time="0.723"/>
</testsuite> <!-- Free CRM App Test Cases -->
