<?xml version="1.0" encoding="UTF-8"?>
<!-- Generated by org.testng.reporters.JUnitXMLReporter -->
<testsuite ignored="0" hostname="LEIs-MacBook-Pro.local" failures="0" tests="17" name="Surefire test" time="127.413" errors="0" timestamp="26 May 2020 18:13:49 GMT">
  <testcase classname="com.crm.qa.testcases.DealsPageTest" name="checkDealsLabel" time="0.061"/>
  <testcase classname="com.crm.qa.testcases.DealsPageTest" name="clickDealsOrderByDesc" time="0.556"/>
  <testcase classname="com.crm.qa.testcases.DealsPageTest" name="createNewDealWithData" time="3.205"/>
  <testcase classname="com.crm.qa.testcases.DealsPageTest" name="createNewDealWithData" time="3.559"/>
  <testcase classname="com.crm.qa.testcases.DealsPageTest" name="createNewDealWithData" time="3.058"/>
  <testcase classname="com.crm.qa.testcases.DealsPageTest" name="createNewDealWithData" time="3.661"/>
  <testcase classname="com.crm.qa.testcases.HomePageTest" name="verifyHomePageTitleTest" time="0.005"/>
  <testcase classname="com.crm.qa.testcases.LoginPageTest" name="loginPageTitleTest" time="0.008"/>
  <testcase classname="com.crm.qa.testcases.HomePageTest" name="verifyUserNameLabelTest" time="0.056"/>
  <testcase classname="com.crm.qa.testcases.LoginPageTest" name="crmLogoImgTest" time="0.035"/>
  <testcase classname="com.crm.qa.testcases.HomePageTest" name="clickOnContactsPageTest" time="0.708"/>
  <testcase classname="com.crm.qa.testcases.LoginPageTest" name="loginTest" time="3.422"/>
  <testcase classname="com.crm.qa.testcases.ContactsPageTest" name="validateCreateNewContact" time="2.776"/>
  <testcase classname="com.crm.qa.testcases.ContactsPageTest" name="validateCreateNewContact" time="2.834"/>
  <testcase classname="com.crm.qa.testcases.ContactsPageTest" name="validateCreateNewContact" time="2.514"/>
  <testcase classname="com.crm.qa.testcases.HomePageTest" name="clickOnDealsPageTest" time="1.002"/>
  <testcase classname="com.crm.qa.testcases.HomePageTest" name="clickOnTasksPageTest" time="0.64"/>
</testsuite> <!-- Surefire test -->
