<?xml version="1.0" encoding="UTF-8"?>
<!-- Generated by org.testng.reporters.JUnitXMLReporter -->
<testsuite ignored="0" hostname="LEIs-MacBook-Pro.local" failures="0" tests="6" name="Default test" time="57.291" errors="0" timestamp="20 May 2020 20:51:40 GMT">
  <testcase classname="com.crm.qa.testcases.DealsPageTest" name="checkDealsLabel" time="0.069"/>
  <testcase classname="com.crm.qa.testcases.DealsPageTest" name="clickDealsOrderByDesc" time="0.896"/>
  <testcase classname="com.crm.qa.testcases.DealsPageTest" name="createNewDealWithData" time="3.205"/>
  <testcase classname="com.crm.qa.testcases.DealsPageTest" name="createNewDealWithData" time="3.378"/>
  <testcase classname="com.crm.qa.testcases.DealsPageTest" name="createNewDealWithData" time="3.26"/>
  <testcase classname="com.crm.qa.testcases.DealsPageTest" name="createNewDealWithData" time="3.372"/>
</testsuite> <!-- Default test -->
