<?xml version="1.0" encoding="UTF-8"?>
<testng-results ignored="0" total="1" passed="1" failed="0" skipped="0">
  <reporter-output>
  </reporter-output>
  <suite started-at="2020-10-02T06:16:50Z" name="Default suite" finished-at="2020-10-02T06:16:54Z" duration-ms="3982">
    <groups>
    </groups>
    <test started-at="2020-10-02T06:16:50Z" name="Default test" finished-at="2020-10-02T06:16:54Z" duration-ms="3982">
      <class name="SeleniumInterviewQuestions.SeleniumInterviewQuest1">
        <test-method is-config="true" signature="setUp()[pri:0, instance:SeleniumInterviewQuestions.SeleniumInterviewQuest1@e15b7e8]" started-at="2020-10-01T23:16:50Z" name="setUp" finished-at="2020-10-01T23:16:51Z" duration-ms="1442" status="PASS">
          <reporter-output>
          </reporter-output>
        </test-method> <!-- setUp -->
        <test-method signature="trySelectDisplayed()[pri:0, instance:SeleniumInterviewQuestions.SeleniumInterviewQuest1@e15b7e8]" started-at="2020-10-01T23:16:51Z" name="trySelectDisplayed" finished-at="2020-10-01T23:16:54Z" duration-ms="2499" status="PASS">
          <reporter-output>
          </reporter-output>
        </test-method> <!-- trySelectDisplayed -->
        <test-method is-config="true" signature="quit()[pri:0, instance:SeleniumInterviewQuestions.SeleniumInterviewQuest1@e15b7e8]" started-at="2020-10-01T23:16:54Z" name="quit" finished-at="2020-10-01T23:16:54Z" duration-ms="0" status="PASS">
          <reporter-output>
          </reporter-output>
        </test-method> <!-- quit -->
      </class> <!-- SeleniumInterviewQuestions.SeleniumInterviewQuest1 -->
    </test> <!-- Default test -->
  </suite> <!-- Default suite -->
</testng-results>
