<?xml version="1.0" encoding="UTF-8"?>
<testng-results ignored="0" total="17" passed="17" failed="0" skipped="0">
  <reporter-output>
  </reporter-output>
  <suite started-at="2020-05-26T18:11:42Z" name="Surefire suite" finished-at="2020-05-26T18:13:49Z" duration-ms="127413">
    <groups>
    </groups>
    <test started-at="2020-05-26T18:11:42Z" name="Surefire test" finished-at="2020-05-26T18:13:49Z" duration-ms="127413">
      <class name="com.crm.qa.testcases.HomePageTest">
        <test-method is-config="true" signature="setUp()[pri:0, instance:com.crm.qa.testcases.HomePageTest@69b2283a]" started-at="2020-05-26T11:12:38Z" name="setUp" finished-at="2020-05-26T11:12:44Z" duration-ms="5651" status="PASS">
          <reporter-output>
          </reporter-output>
        </test-method> <!-- setUp -->
        <test-method signature="verifyHomePageTitleTest()[pri:1, instance:com.crm.qa.testcases.HomePageTest@69b2283a]" started-at="2020-05-26T11:12:44Z" name="verifyHomePageTitleTest" finished-at="2020-05-26T11:12:44Z" duration-ms="5" status="PASS">
          <reporter-output>
          </reporter-output>
        </test-method> <!-- verifyHomePageTitleTest -->
        <test-method is-config="true" signature="tearDown()[pri:0, instance:com.crm.qa.testcases.HomePageTest@69b2283a]" started-at="2020-05-26T11:12:44Z" name="tearDown" finished-at="2020-05-26T11:12:44Z" duration-ms="105" status="PASS">
          <reporter-output>
          </reporter-output>
        </test-method> <!-- tearDown -->
        <test-method is-config="true" signature="setUp()[pri:0, instance:com.crm.qa.testcases.HomePageTest@69b2283a]" started-at="2020-05-26T11:12:47Z" name="setUp" finished-at="2020-05-26T11:12:52Z" duration-ms="5650" status="PASS">
          <reporter-output>
          </reporter-output>
        </test-method> <!-- setUp -->
        <test-method signature="verifyUserNameLabelTest()[pri:2, instance:com.crm.qa.testcases.HomePageTest@69b2283a]" started-at="2020-05-26T11:12:52Z" name="verifyUserNameLabelTest" finished-at="2020-05-26T11:12:52Z" duration-ms="56" status="PASS">
          <reporter-output>
          </reporter-output>
        </test-method> <!-- verifyUserNameLabelTest -->
        <test-method is-config="true" signature="tearDown()[pri:0, instance:com.crm.qa.testcases.HomePageTest@69b2283a]" started-at="2020-05-26T11:12:52Z" name="tearDown" finished-at="2020-05-26T11:12:52Z" duration-ms="95" status="PASS">
          <reporter-output>
          </reporter-output>
        </test-method> <!-- tearDown -->
        <test-method is-config="true" signature="setUp()[pri:0, instance:com.crm.qa.testcases.HomePageTest@69b2283a]" started-at="2020-05-26T11:12:55Z" name="setUp" finished-at="2020-05-26T11:13:01Z" duration-ms="5669" status="PASS">
          <reporter-output>
          </reporter-output>
        </test-method> <!-- setUp -->
        <test-method signature="clickOnContactsPageTest()[pri:3, instance:com.crm.qa.testcases.HomePageTest@69b2283a]" started-at="2020-05-26T11:13:01Z" name="clickOnContactsPageTest" finished-at="2020-05-26T11:13:01Z" duration-ms="708" status="PASS">
          <reporter-output>
          </reporter-output>
        </test-method> <!-- clickOnContactsPageTest -->
        <test-method is-config="true" signature="tearDown()[pri:0, instance:com.crm.qa.testcases.HomePageTest@69b2283a]" started-at="2020-05-26T11:13:01Z" name="tearDown" finished-at="2020-05-26T11:13:01Z" duration-ms="102" status="PASS">
          <reporter-output>
          </reporter-output>
        </test-method> <!-- tearDown -->
        <test-method is-config="true" signature="setUp()[pri:0, instance:com.crm.qa.testcases.HomePageTest@69b2283a]" started-at="2020-05-26T11:13:35Z" name="setUp" finished-at="2020-05-26T11:13:40Z" duration-ms="5791" status="PASS">
          <reporter-output>
          </reporter-output>
        </test-method> <!-- setUp -->
        <test-method signature="clickOnDealsPageTest()[pri:4, instance:com.crm.qa.testcases.HomePageTest@69b2283a]" started-at="2020-05-26T11:13:40Z" name="clickOnDealsPageTest" finished-at="2020-05-26T11:13:41Z" duration-ms="1002" status="PASS">
          <reporter-output>
          </reporter-output>
        </test-method> <!-- clickOnDealsPageTest -->
        <test-method is-config="true" signature="tearDown()[pri:0, instance:com.crm.qa.testcases.HomePageTest@69b2283a]" started-at="2020-05-26T11:13:41Z" name="tearDown" finished-at="2020-05-26T11:13:42Z" duration-ms="99" status="PASS">
          <reporter-output>
          </reporter-output>
        </test-method> <!-- tearDown -->
        <test-method is-config="true" signature="setUp()[pri:0, instance:com.crm.qa.testcases.HomePageTest@69b2283a]" started-at="2020-05-26T11:13:42Z" name="setUp" finished-at="2020-05-26T11:13:48Z" duration-ms="6656" status="PASS">
          <reporter-output>
          </reporter-output>
        </test-method> <!-- setUp -->
        <test-method signature="clickOnTasksPageTest()[pri:5, instance:com.crm.qa.testcases.HomePageTest@69b2283a]" started-at="2020-05-26T11:13:48Z" name="clickOnTasksPageTest" finished-at="2020-05-26T11:13:49Z" duration-ms="640" status="PASS">
          <reporter-output>
          </reporter-output>
        </test-method> <!-- clickOnTasksPageTest -->
        <test-method is-config="true" signature="tearDown()[pri:0, instance:com.crm.qa.testcases.HomePageTest@69b2283a]" started-at="2020-05-26T11:13:49Z" name="tearDown" finished-at="2020-05-26T11:13:49Z" duration-ms="100" status="PASS">
          <reporter-output>
          </reporter-output>
        </test-method> <!-- tearDown -->
      </class> <!-- com.crm.qa.testcases.HomePageTest -->
      <class name="com.crm.qa.testcases.ContactsPageTest">
        <test-method is-config="true" signature="setUp()[pri:0, instance:com.crm.qa.testcases.ContactsPageTest@bef2d72]" started-at="2020-05-26T11:13:07Z" name="setUp" finished-at="2020-05-26T11:13:14Z" duration-ms="6437" status="PASS">
          <reporter-output>
          </reporter-output>
        </test-method> <!-- setUp -->
        <test-method signature="validateCreateNewContact(java.lang.String, java.lang.String, java.lang.String, java.lang.String)[pri:4, instance:com.crm.qa.testcases.ContactsPageTest@bef2d72]" started-at="2020-05-26T11:13:14Z" name="validateCreateNewContact" data-provider="getCRMTestData" finished-at="2020-05-26T11:13:16Z" duration-ms="2776" status="PASS">
          <params>
            <param index="0">
              <value>
                <![CDATA[Mr.]]>
              </value>
            </param>
            <param index="1">
              <value>
                <![CDATA[Alley1]]>
              </value>
            </param>
            <param index="2">
              <value>
                <![CDATA[Yu]]>
              </value>
            </param>
            <param index="3">
              <value>
                <![CDATA[Apple]]>
              </value>
            </param>
          </params>
          <reporter-output>
          </reporter-output>
        </test-method> <!-- validateCreateNewContact -->
        <test-method is-config="true" signature="tearDown()[pri:0, instance:com.crm.qa.testcases.ContactsPageTest@bef2d72]" started-at="2020-05-26T11:13:16Z" name="tearDown" finished-at="2020-05-26T11:13:16Z" duration-ms="96" status="PASS">
          <reporter-output>
          </reporter-output>
        </test-method> <!-- tearDown -->
        <test-method is-config="true" signature="setUp()[pri:0, instance:com.crm.qa.testcases.ContactsPageTest@bef2d72]" started-at="2020-05-26T11:13:16Z" name="setUp" finished-at="2020-05-26T11:13:23Z" duration-ms="6284" status="PASS">
          <reporter-output>
          </reporter-output>
        </test-method> <!-- setUp -->
        <test-method signature="validateCreateNewContact(java.lang.String, java.lang.String, java.lang.String, java.lang.String)[pri:4, instance:com.crm.qa.testcases.ContactsPageTest@bef2d72]" started-at="2020-05-26T11:13:23Z" name="validateCreateNewContact" data-provider="getCRMTestData" finished-at="2020-05-26T11:13:26Z" duration-ms="2834" status="PASS">
          <params>
            <param index="0">
              <value>
                <![CDATA[Mrs.]]>
              </value>
            </param>
            <param index="1">
              <value>
                <![CDATA[Alley2]]>
              </value>
            </param>
            <param index="2">
              <value>
                <![CDATA[Yu]]>
              </value>
            </param>
            <param index="3">
              <value>
                <![CDATA[Amazon]]>
              </value>
            </param>
          </params>
          <reporter-output>
          </reporter-output>
        </test-method> <!-- validateCreateNewContact -->
        <test-method is-config="true" signature="tearDown()[pri:0, instance:com.crm.qa.testcases.ContactsPageTest@bef2d72]" started-at="2020-05-26T11:13:26Z" name="tearDown" finished-at="2020-05-26T11:13:26Z" duration-ms="100" status="PASS">
          <reporter-output>
          </reporter-output>
        </test-method> <!-- tearDown -->
        <test-method is-config="true" signature="setUp()[pri:0, instance:com.crm.qa.testcases.ContactsPageTest@bef2d72]" started-at="2020-05-26T11:13:26Z" name="setUp" finished-at="2020-05-26T11:13:32Z" duration-ms="6346" status="PASS">
          <reporter-output>
          </reporter-output>
        </test-method> <!-- setUp -->
        <test-method signature="validateCreateNewContact(java.lang.String, java.lang.String, java.lang.String, java.lang.String)[pri:4, instance:com.crm.qa.testcases.ContactsPageTest@bef2d72]" started-at="2020-05-26T11:13:32Z" name="validateCreateNewContact" data-provider="getCRMTestData" finished-at="2020-05-26T11:13:35Z" duration-ms="2514" status="PASS">
          <params>
            <param index="0">
              <value>
                <![CDATA[Dr.]]>
              </value>
            </param>
            <param index="1">
              <value>
                <![CDATA[Alley3]]>
              </value>
            </param>
            <param index="2">
              <value>
                <![CDATA[Yu]]>
              </value>
            </param>
            <param index="3">
              <value>
                <![CDATA[Google]]>
              </value>
            </param>
          </params>
          <reporter-output>
          </reporter-output>
        </test-method> <!-- validateCreateNewContact -->
        <test-method is-config="true" signature="tearDown()[pri:0, instance:com.crm.qa.testcases.ContactsPageTest@bef2d72]" started-at="2020-05-26T11:13:35Z" name="tearDown" finished-at="2020-05-26T11:13:35Z" duration-ms="100" status="PASS">
          <reporter-output>
          </reporter-output>
        </test-method> <!-- tearDown -->
      </class> <!-- com.crm.qa.testcases.ContactsPageTest -->
      <class name="com.crm.qa.testcases.LoginPageTest">
        <test-method is-config="true" signature="setUp()[pri:0, instance:com.crm.qa.testcases.LoginPageTest@22a637e7]" started-at="2020-05-26T11:12:44Z" name="setUp" finished-at="2020-05-26T11:12:47Z" duration-ms="2365" status="PASS">
          <reporter-output>
          </reporter-output>
        </test-method> <!-- setUp -->
        <test-method signature="loginPageTitleTest()[pri:1, instance:com.crm.qa.testcases.LoginPageTest@22a637e7]" started-at="2020-05-26T11:12:47Z" name="loginPageTitleTest" finished-at="2020-05-26T11:12:47Z" duration-ms="8" status="PASS">
          <reporter-output>
          </reporter-output>
        </test-method> <!-- loginPageTitleTest -->
        <test-method is-config="true" signature="tearDown()[pri:0, instance:com.crm.qa.testcases.LoginPageTest@22a637e7]" started-at="2020-05-26T11:12:47Z" name="tearDown" finished-at="2020-05-26T11:12:47Z" duration-ms="87" status="PASS">
          <reporter-output>
          </reporter-output>
        </test-method> <!-- tearDown -->
        <test-method is-config="true" signature="setUp()[pri:0, instance:com.crm.qa.testcases.LoginPageTest@22a637e7]" started-at="2020-05-26T11:12:52Z" name="setUp" finished-at="2020-05-26T11:12:55Z" duration-ms="2300" status="PASS">
          <reporter-output>
          </reporter-output>
        </test-method> <!-- setUp -->
        <test-method signature="crmLogoImgTest()[pri:2, instance:com.crm.qa.testcases.LoginPageTest@22a637e7]" started-at="2020-05-26T11:12:55Z" name="crmLogoImgTest" finished-at="2020-05-26T11:12:55Z" duration-ms="35" status="PASS">
          <reporter-output>
          </reporter-output>
        </test-method> <!-- crmLogoImgTest -->
        <test-method is-config="true" signature="tearDown()[pri:0, instance:com.crm.qa.testcases.LoginPageTest@22a637e7]" started-at="2020-05-26T11:12:55Z" name="tearDown" finished-at="2020-05-26T11:12:55Z" duration-ms="88" status="PASS">
          <reporter-output>
          </reporter-output>
        </test-method> <!-- tearDown -->
        <test-method is-config="true" signature="setUp()[pri:0, instance:com.crm.qa.testcases.LoginPageTest@22a637e7]" started-at="2020-05-26T11:13:01Z" name="setUp" finished-at="2020-05-26T11:13:04Z" duration-ms="2279" status="PASS">
          <reporter-output>
          </reporter-output>
        </test-method> <!-- setUp -->
        <test-method signature="loginTest()[pri:3, instance:com.crm.qa.testcases.LoginPageTest@22a637e7]" started-at="2020-05-26T11:13:04Z" name="loginTest" finished-at="2020-05-26T11:13:07Z" duration-ms="3422" status="PASS">
          <reporter-output>
          </reporter-output>
        </test-method> <!-- loginTest -->
        <test-method is-config="true" signature="tearDown()[pri:0, instance:com.crm.qa.testcases.LoginPageTest@22a637e7]" started-at="2020-05-26T11:13:07Z" name="tearDown" finished-at="2020-05-26T11:13:07Z" duration-ms="99" status="PASS">
          <reporter-output>
          </reporter-output>
        </test-method> <!-- tearDown -->
      </class> <!-- com.crm.qa.testcases.LoginPageTest -->
      <class name="com.crm.qa.testcases.DealsPageTest">
        <test-method is-config="true" signature="setUp()[pri:0, instance:com.crm.qa.testcases.DealsPageTest@6fe7aac8]" started-at="2020-05-26T11:11:42Z" name="setUp" finished-at="2020-05-26T11:11:49Z" duration-ms="7763" status="PASS">
          <reporter-output>
          </reporter-output>
        </test-method> <!-- setUp -->
        <test-method signature="checkDealsLabel()[pri:0, instance:com.crm.qa.testcases.DealsPageTest@6fe7aac8]" started-at="2020-05-26T11:11:49Z" name="checkDealsLabel" finished-at="2020-05-26T11:11:49Z" duration-ms="61" status="PASS">
          <reporter-output>
          </reporter-output>
        </test-method> <!-- checkDealsLabel -->
        <test-method is-config="true" signature="tearDown()[pri:0, instance:com.crm.qa.testcases.DealsPageTest@6fe7aac8]" started-at="2020-05-26T11:11:49Z" name="tearDown" finished-at="2020-05-26T11:11:49Z" duration-ms="110" status="PASS">
          <reporter-output>
          </reporter-output>
        </test-method> <!-- tearDown -->
        <test-method is-config="true" signature="setUp()[pri:0, instance:com.crm.qa.testcases.DealsPageTest@6fe7aac8]" started-at="2020-05-26T11:11:49Z" name="setUp" finished-at="2020-05-26T11:11:57Z" duration-ms="7189" status="PASS">
          <reporter-output>
          </reporter-output>
        </test-method> <!-- setUp -->
        <test-method signature="clickDealsOrderByDesc()[pri:0, instance:com.crm.qa.testcases.DealsPageTest@6fe7aac8]" started-at="2020-05-26T11:11:57Z" name="clickDealsOrderByDesc" finished-at="2020-05-26T11:11:57Z" duration-ms="556" status="PASS">
          <reporter-output>
          </reporter-output>
        </test-method> <!-- clickDealsOrderByDesc -->
        <test-method is-config="true" signature="tearDown()[pri:0, instance:com.crm.qa.testcases.DealsPageTest@6fe7aac8]" started-at="2020-05-26T11:11:57Z" name="tearDown" finished-at="2020-05-26T11:11:57Z" duration-ms="102" status="PASS">
          <reporter-output>
          </reporter-output>
        </test-method> <!-- tearDown -->
        <test-method is-config="true" signature="setUp()[pri:0, instance:com.crm.qa.testcases.DealsPageTest@6fe7aac8]" started-at="2020-05-26T11:11:58Z" name="setUp" finished-at="2020-05-26T11:12:05Z" duration-ms="6722" status="PASS">
          <reporter-output>
          </reporter-output>
        </test-method> <!-- setUp -->
        <test-method signature="createNewDealWithData(java.lang.String, java.lang.String, java.lang.String)[pri:0, instance:com.crm.qa.testcases.DealsPageTest@6fe7aac8]" started-at="2020-05-26T11:12:05Z" name="createNewDealWithData" data-provider="getCRMTestData" finished-at="2020-05-26T11:12:08Z" duration-ms="3205" status="PASS">
          <params>
            <param index="0">
              <value>
                <![CDATA[BatchDiscount1]]>
              </value>
            </param>
            <param index="1">
              <value>
                <![CDATA[WALMART]]>
              </value>
            </param>
            <param index="2">
              <value>
                <![CDATA[100.0]]>
              </value>
            </param>
          </params>
          <reporter-output>
          </reporter-output>
        </test-method> <!-- createNewDealWithData -->
        <test-method is-config="true" signature="tearDown()[pri:0, instance:com.crm.qa.testcases.DealsPageTest@6fe7aac8]" started-at="2020-05-26T11:12:08Z" name="tearDown" finished-at="2020-05-26T11:12:08Z" duration-ms="99" status="PASS">
          <reporter-output>
          </reporter-output>
        </test-method> <!-- tearDown -->
        <test-method is-config="true" signature="setUp()[pri:0, instance:com.crm.qa.testcases.DealsPageTest@6fe7aac8]" started-at="2020-05-26T11:12:08Z" name="setUp" finished-at="2020-05-26T11:12:15Z" duration-ms="6823" status="PASS">
          <reporter-output>
          </reporter-output>
        </test-method> <!-- setUp -->
        <test-method signature="createNewDealWithData(java.lang.String, java.lang.String, java.lang.String)[pri:0, instance:com.crm.qa.testcases.DealsPageTest@6fe7aac8]" started-at="2020-05-26T11:12:15Z" name="createNewDealWithData" data-provider="getCRMTestData" finished-at="2020-05-26T11:12:18Z" duration-ms="3559" status="PASS">
          <params>
            <param index="0">
              <value>
                <![CDATA[BOGO1]]>
              </value>
            </param>
            <param index="1">
              <value>
                <![CDATA[WALMART]]>
              </value>
            </param>
            <param index="2">
              <value>
                <![CDATA[20.0]]>
              </value>
            </param>
          </params>
          <reporter-output>
          </reporter-output>
        </test-method> <!-- createNewDealWithData -->
        <test-method is-config="true" signature="tearDown()[pri:0, instance:com.crm.qa.testcases.DealsPageTest@6fe7aac8]" started-at="2020-05-26T11:12:18Z" name="tearDown" finished-at="2020-05-26T11:12:18Z" duration-ms="105" status="PASS">
          <reporter-output>
          </reporter-output>
        </test-method> <!-- tearDown -->
        <test-method is-config="true" signature="setUp()[pri:0, instance:com.crm.qa.testcases.DealsPageTest@6fe7aac8]" started-at="2020-05-26T11:12:18Z" name="setUp" finished-at="2020-05-26T11:12:25Z" duration-ms="6653" status="PASS">
          <reporter-output>
          </reporter-output>
        </test-method> <!-- setUp -->
        <test-method signature="createNewDealWithData(java.lang.String, java.lang.String, java.lang.String)[pri:0, instance:com.crm.qa.testcases.DealsPageTest@6fe7aac8]" started-at="2020-05-26T11:12:25Z" name="createNewDealWithData" data-provider="getCRMTestData" finished-at="2020-05-26T11:12:28Z" duration-ms="3058" status="PASS">
          <params>
            <param index="0">
              <value>
                <![CDATA[B1G2NEW]]>
              </value>
            </param>
            <param index="1">
              <value>
                <![CDATA[Apple]]>
              </value>
            </param>
            <param index="2">
              <value>
                <![CDATA[30.0]]>
              </value>
            </param>
          </params>
          <reporter-output>
          </reporter-output>
        </test-method> <!-- createNewDealWithData -->
        <test-method is-config="true" signature="tearDown()[pri:0, instance:com.crm.qa.testcases.DealsPageTest@6fe7aac8]" started-at="2020-05-26T11:12:28Z" name="tearDown" finished-at="2020-05-26T11:12:28Z" duration-ms="103" status="PASS">
          <reporter-output>
          </reporter-output>
        </test-method> <!-- tearDown -->
        <test-method is-config="true" signature="setUp()[pri:0, instance:com.crm.qa.testcases.DealsPageTest@6fe7aac8]" started-at="2020-05-26T11:12:28Z" name="setUp" finished-at="2020-05-26T11:12:35Z" duration-ms="6369" status="PASS">
          <reporter-output>
          </reporter-output>
        </test-method> <!-- setUp -->
        <test-method signature="createNewDealWithData(java.lang.String, java.lang.String, java.lang.String)[pri:0, instance:com.crm.qa.testcases.DealsPageTest@6fe7aac8]" started-at="2020-05-26T11:12:35Z" name="createNewDealWithData" data-provider="getCRMTestData" finished-at="2020-05-26T11:12:38Z" duration-ms="3661" status="PASS">
          <params>
            <param index="0">
              <value>
                <![CDATA[10OFF]]>
              </value>
            </param>
            <param index="1">
              <value>
                <![CDATA[Target]]>
              </value>
            </param>
            <param index="2">
              <value>
                <![CDATA[100.0]]>
              </value>
            </param>
          </params>
          <reporter-output>
          </reporter-output>
        </test-method> <!-- createNewDealWithData -->
        <test-method is-config="true" signature="tearDown()[pri:0, instance:com.crm.qa.testcases.DealsPageTest@6fe7aac8]" started-at="2020-05-26T11:12:38Z" name="tearDown" finished-at="2020-05-26T11:12:38Z" duration-ms="102" status="PASS">
          <reporter-output>
          </reporter-output>
        </test-method> <!-- tearDown -->
      </class> <!-- com.crm.qa.testcases.DealsPageTest -->
    </test> <!-- Surefire test -->
  </suite> <!-- Surefire suite -->
</testng-results>
