<?xml version="1.0" encoding="UTF-8"?>
<!-- Generated by org.testng.reporters.JUnitXMLReporter -->
<testsuite ignored="0" hostname="LEIs-MacBook-Pro.local" failures="0" tests="3" name="Default test" time="8.866" errors="0" timestamp="2020-05-01T11:20:43 PDT">
  <testcase classname="com.test.GoogleTest" name="googleTitleTest" time="0.016"/>
  <testcase classname="com.test.GoogleTest" name="googleLogoTest" time="0.081"/>
  <testcase classname="com.test.GoogleTest" name="googleGmailLinkTest" time="0.04"/>
</testsuite> <!-- Default test -->
