<?xml version="1.0" encoding="UTF-8"?>
<!-- Generated by org.testng.reporters.JUnitXMLReporter -->
<testsuite ignored="0" hostname="LEIs-MacBook-Pro.local" failures="0" tests="13" name="TestNG Basic Feature Test" time="45.468" errors="0" timestamp="2020-05-01T11:38:08 PDT">
  <testcase classname="com.test.BootStrapDropdownTest" name="testExpectedExceptionsPara" time="0.004"/>
  <testcase classname="com.test.BootStrapDropdownTest" name="findDropdownBox" time="0.106"/>
  <testcase classname="com.test.BootStrapDropdownTest" name="less3SelectedFromDropdown" time="3.74"/>
  <testcase classname="com.test.BootStrapDropdownTest" name="more3SelectedFromDropdown" time="3.801"/>
  <testcase classname="com.test.BootStrapDropdownTest" name="simpleTestDependsOnMethod" time="0.002"/>
  <testcase classname="com.test.BootStrapDropdownTest" name="noneSelectedFromDropdown1" time="4.246"/>
  <testcase classname="com.test.BootStrapDropdownTest" name="noneSelectedFromDropdown2" time="4.161"/>
  <testcase classname="com.test.BootStrapDropdownTest" name="noneSelectedFromDropdown3" time="3.804"/>
  <testcase classname="com.test.GoogleTest" name="googleTitleTest" time="0.008"/>
  <testcase classname="com.test.GoogleTest" name="googleLogoTest" time="0.041"/>
  <testcase classname="com.test.GoogleTest" name="googleGmailLinkTest" time="0.082"/>
  <testcase classname="com.test.TestNGBasics" name="googleSearchTest" time="0.001"/>
  <testcase classname="com.test.TestNGBasics" name="googleTitleTest" time="0.001"/>
</testsuite> <!-- TestNG Basic Feature Test -->
