<?xml version="1.0" encoding="UTF-8"?>
<testng-results ignored="0" total="1" passed="1" failed="0" skipped="0">
  <reporter-output>
  </reporter-output>
  <suite started-at="2020-06-04T18:32:30 PDT" name="TestNG Automation Suite" finished-at="2020-06-04T18:32:39 PDT" duration-ms="8340">
    <groups>
      <group name="GoogleTest with parameter as input">
        <method signature="GoogleTest.googleSearch(java.lang.String, java.lang.String)[pri:4, instance:com.test.GoogleTest@5db45159]" name="googleSearch" class="com.test.GoogleTest"/>
      </group> <!-- GoogleTest with parameter as input -->
    </groups>
    <test started-at="2020-06-04T18:32:30 PDT" name="TestNG Basic Feature Test" finished-at="2020-06-04T18:32:39 PDT" duration-ms="8340">
      <class name="com.test.GoogleTest">
        <test-method is-config="true" signature="setUp()[pri:0, instance:com.test.GoogleTest@5db45159]" started-at="2020-06-04T18:32:30 PDT" name="setUp" finished-at="2020-06-04T18:32:35 PDT" duration-ms="4226" status="PASS">
          <reporter-output>
          </reporter-output>
        </test-method> <!-- setUp -->
        <test-method signature="googleSearch(java.lang.String, java.lang.String)[pri:4, instance:com.test.GoogleTest@5db45159]" started-at="2020-06-04T18:32:35 PDT" name="googleSearch" finished-at="2020-06-04T18:32:39 PDT" duration-ms="3906" status="PASS">
          <params>
            <param index="0">
              <value>
                <![CDATA[Software Testing]]>
              </value>
            </param>
            <param index="1">
              <value>
                <![CDATA[Software Automation Testing]]>
              </value>
            </param>
          </params>
          <reporter-output>
          </reporter-output>
        </test-method> <!-- googleSearch -->
        <test-method is-config="true" signature="tearDown()[pri:0, instance:com.test.GoogleTest@5db45159]" started-at="2020-06-04T18:32:39 PDT" name="tearDown" finished-at="2020-06-04T18:32:39 PDT" duration-ms="158" status="PASS">
          <reporter-output>
          </reporter-output>
        </test-method> <!-- tearDown -->
      </class> <!-- com.test.GoogleTest -->
    </test> <!-- TestNG Basic Feature Test -->
  </suite> <!-- TestNG Automation Suite -->
</testng-results>
